
ROM used: 3142 (10%)
          3142 (10%) including unused fragments

          3 Average locations per line
          8 Average locations per statement

RAM used: 16 (1%) at main() level
          30 (1%) worst case

Stack used: 5 worst case (out of 31 total available)

Lines Stmts  %   Files
----- ----- ---  -----
  497   310  79  Untitled.c
  432     0   0  C:\Program Files (x86)\PICC\devices\18f4550.h
  172    82  21  lcd.h
----- -----
 1101   392 Total

Page ROM  %  RAM   Vol Diff  Functions:
---- --- --- ---   --- ----  ----------
0     40   1   1             @delay_ms1
0     20   0   0             @const60
0     58   1   1   260  1.9  lcd_envia_nibble
0     54   1   3   176  2.7  lcd_envia_byte
0     34   1   4   186  5.5  lcd_posicao
0     96   2   1   415  5.1  lcd_escreve
0    156   2   3   574  4.2  lcd_inicializa
0     34   1   0             @const77
0     40   1   1             @delay_ms2
0     36   1   1             @delay_us2
0    106   2   2   658  5.3  scan1
0    106   2   2   658  5.3  scan2
0    106   2   2   658  5.3  scan3
0     96   2   2   587  5.7  scan4
0     16   0   0    48  1.1  BIP
0     34   1   1    86  1.3  ABRIR
0   1562  25   8  8108  5.0  MAIN
0     26   0   0             @const110
0     34   1   0             @const111
0     36   1   0             @const112
0     28   0   0             @const114
0     40   1   3             @DIV88
0    200   3   6             @PRINTF_D_73
0     28   0   0             @const122
0     30   0   0             @const146
0     26   0   0             @const147
0     32   1   0             @const148
0     32   1   0             @const150
0     32   1   0             @const151

Program metrics:
    Functions               12
    Statements              392
    Comments                200
    Volume (V)              16669
    Difficilty (D)          48.8
    Effort to implement (E) 813225
    Time to implement (T)   12 hours, 33 minutes
    Est Delivered Bugs (B)  3
    Cyclomatic Complexity   24
    Maintainability (MI)    78

 Segment     Used  Free
-----------  ----  ----
00000-00002     4  0  
00004-07FFE  3138  29626  



